<?xml version="1.0" encoding="UTF-8"?>
<testsuite xmlns:xsi="http://www.w3.org/2001/XMLSchema-instance" xsi:noNamespaceSchemaLocation="https://maven.apache.org/surefire/maven-surefire-plugin/xsd/surefire-test-report-3.0.xsd" version="3.0" name="com.ulp.BateriaTest" time="0.074" tests="4" errors="0" skipped="0" failures="0">
  <properties>
[...]
</properties>
  <testcase name="testDescargar" classname="com.ulp.BateriaTest" time="0.016">
    <system-out><![CDATA[Hola Juanjo, recorres 3 metros.descargar
]]></system-out>
  </testcase>
  <testcase name="testVoltajeNegativo" classname="com.ulp.BateriaTest" time="0.004">
    <system-out><![CDATA[Hola Juanjo, recorres 3 metros.]]></system-out>
  </testcase>
  <testcase name="testCargar" classname="com.ulp.BateriaTest" time="0.001">
    <system-out><![CDATA[Hola Juanjo, recorres 3 metros.cargando...
]]></system-out>
  </testcase>
  <testcase name="testMetodoRapido" classname="com.ulp.BateriaTest" time="0.008">
    <system-out><![CDATA[Hola Juanjo, recorres 3 metros.Ejecutando prueba rápida...
]]></system-out>
  </testcase>
</testsuite>