<?xml version="1.0" encoding="UTF-8"?>
<testsuite xmlns:xsi="http://www.w3.org/2001/XMLSchema-instance" xsi:noNamespaceSchemaLocation="https://maven.apache.org/surefire/maven-surefire-plugin/xsd/surefire-test-report-3.0.xsd" version="3.0" name="com.ulp.UsuarioTest" time="0.138" tests="5" errors="1" skipped="0" failures="1">
  <properties>
[...]
</properties>
  <testcase name="testDelay" classname="com.ulp.UsuarioTest" time="0.081">
    <error message="testDelay() timed out after 30 milliseconds" type="java.util.concurrent.TimeoutException"><![CDATA[java.util.concurrent.TimeoutException: testDelay() timed out after 30 milliseconds
	at java.base/java.util.ArrayList.forEach(ArrayList.java:1511)
	at java.base/java.util.ArrayList.forEach(ArrayList.java:1511)
]]></error>
    <system-out><![CDATA[Test de usuario
---------------------------
Test1
Delay de 50 milisegundos
---------------------------
]]></system-out>
  </testcase>
  <testcase name="testValidarUsr" classname="com.ulp.UsuarioTest" time="0.013">
    <failure message="Fallo ==&gt; expected: &lt;true&gt; but was: &lt;false&gt;" type="org.opentest4j.AssertionFailedError"><![CDATA[org.opentest4j.AssertionFailedError: Fallo ==> expected: <true> but was: <false>
	at org.junit.jupiter.api.AssertionFailureBuilder.build(AssertionFailureBuilder.java:151)
	at org.junit.jupiter.api.AssertionFailureBuilder.buildAndThrow(AssertionFailureBuilder.java:132)
	at org.junit.jupiter.api.AssertTrue.failNotTrue(AssertTrue.java:63)
	at org.junit.jupiter.api.AssertTrue.assertTrue(AssertTrue.java:36)
	at org.junit.jupiter.api.Assertions.assertTrue(Assertions.java:214)
	at com.ulp.UsuarioTest.testValidarUsr(UsuarioTest.java:59)
	at java.base/java.lang.reflect.Method.invoke(Method.java:569)
	at java.base/java.util.ArrayList.forEach(ArrayList.java:1511)
	at java.base/java.util.ArrayList.forEach(ArrayList.java:1511)
]]></failure>
    <system-out><![CDATA[---------------------------
Test2
---------------------------
]]></system-out>
  </testcase>
  <testcase name="testUsuariosDiferentes" classname="com.ulp.UsuarioTest" time="0.004">
    <system-out><![CDATA[---------------------------
Test3
---------------------------
]]></system-out>
  </testcase>
  <testcase name="validarEmail" classname="com.ulp.UsuarioTest" time="0.002">
    <system-out><![CDATA[---------------------------
Test4
---------------------------
]]></system-out>
  </testcase>
  <testcase name="TestCambioPass" classname="com.ulp.UsuarioTest" time="0.002">
    <system-out><![CDATA[---------------------------
Test5
Ahora la contraseña es: 1234
---------------------------
]]></system-out>
  </testcase>
</testsuite>