<?xml version="1.0" encoding="UTF-8"?>
<testsuite xmlns:xsi="http://www.w3.org/2001/XMLSchema-instance" xsi:noNamespaceSchemaLocation="https://maven.apache.org/surefire/maven-surefire-plugin/xsd/surefire-test-report-3.0.xsd" version="3.0" name="com.ulp.ParameterBatTest" time="0.128" tests="27" errors="0" skipped="0" failures="0">
  <properties>
[...]
</properties>
  <testcase name="pruebaConInformacion(RepetitionInfo)[1]" classname="com.ulp.ParameterBatTest" time="0.015">
    <system-out><![CDATA[-- Prueba: pruebaConInformacion [Ejecución 1 de 10] --
Ejecutando la repetición: 1
FIN prueba
]]></system-out>
  </testcase>
  <testcase name="pruebaConInformacion(RepetitionInfo)[2]" classname="com.ulp.ParameterBatTest" time="0.001">
    <system-out><![CDATA[-- Prueba: pruebaConInformacion [Ejecución 2 de 10] --
Ejecutando la repetición: 2
FIN prueba
]]></system-out>
  </testcase>
  <testcase name="pruebaConInformacion(RepetitionInfo)[3]" classname="com.ulp.ParameterBatTest" time="0.002">
    <system-out><![CDATA[-- Prueba: pruebaConInformacion [Ejecución 3 de 10] --
Ejecutando la repetición: 3
FIN prueba
]]></system-out>
  </testcase>
  <testcase name="pruebaConInformacion(RepetitionInfo)[4]" classname="com.ulp.ParameterBatTest" time="0.001">
    <system-out><![CDATA[-- Prueba: pruebaConInformacion [Ejecución 4 de 10] --
Ejecutando la repetición: 4
FIN prueba
]]></system-out>
  </testcase>
  <testcase name="pruebaConInformacion(RepetitionInfo)[5]" classname="com.ulp.ParameterBatTest" time="0.002">
    <system-out><![CDATA[-- Prueba: pruebaConInformacion [Ejecución 5 de 10] --
Ejecutando la repetición: 5
FIN prueba
]]></system-out>
  </testcase>
  <testcase name="pruebaConInformacion(RepetitionInfo)[6]" classname="com.ulp.ParameterBatTest" time="0.0">
    <system-out><![CDATA[-- Prueba: pruebaConInformacion [Ejecución 6 de 10] --
Ejecutando la repetición: 6
FIN prueba
]]></system-out>
  </testcase>
  <testcase name="pruebaConInformacion(RepetitionInfo)[7]" classname="com.ulp.ParameterBatTest" time="0.0">
    <system-out><![CDATA[-- Prueba: pruebaConInformacion [Ejecución 7 de 10] --
Ejecutando la repetición: 7
FIN prueba
]]></system-out>
  </testcase>
  <testcase name="pruebaConInformacion(RepetitionInfo)[8]" classname="com.ulp.ParameterBatTest" time="0.002">
    <system-out><![CDATA[-- Prueba: pruebaConInformacion [Ejecución 8 de 10] --
Ejecutando la repetición: 8
FIN prueba
]]></system-out>
  </testcase>
  <testcase name="pruebaConInformacion(RepetitionInfo)[9]" classname="com.ulp.ParameterBatTest" time="0.002">
    <system-out><![CDATA[-- Prueba: pruebaConInformacion [Ejecución 9 de 10] --
Ejecutando la repetición: 9
FIN prueba
]]></system-out>
  </testcase>
  <testcase name="pruebaConInformacion(RepetitionInfo)[10]" classname="com.ulp.ParameterBatTest" time="0.001">
    <system-out><![CDATA[-- Prueba: pruebaConInformacion [Ejecución 10 de 10] --
Ejecutando la repetición: 10
FIN prueba
]]></system-out>
  </testcase>
  <testcase name="testDescargarConTimeout" classname="com.ulp.ParameterBatTest" time="0.0">
    <system-out><![CDATA[-- Prueba: testDescargarConTimeout [testDescargarConTimeout()] --
FIN prueba
]]></system-out>
  </testcase>
  <testcase name="testDescargarParametrizado(int)[1]" classname="com.ulp.ParameterBatTest" time="0.015">
    <system-out><![CDATA[-- Prueba: testDescargarParametrizado [[1] 1] --
Descargando con metros: 1
FIN prueba
]]></system-out>
  </testcase>
  <testcase name="testDescargarParametrizado(int)[2]" classname="com.ulp.ParameterBatTest" time="0.002">
    <system-out><![CDATA[-- Prueba: testDescargarParametrizado [[2] 3] --
Descargando con metros: 3
FIN prueba
]]></system-out>
  </testcase>
  <testcase name="testDescargarParametrizado(int)[3]" classname="com.ulp.ParameterBatTest" time="0.002">
    <system-out><![CDATA[-- Prueba: testDescargarParametrizado [[3] 5] --
Descargando con metros: 5
FIN prueba
]]></system-out>
  </testcase>
  <testcase name="pruebaRepetidaBasica" classname="com.ulp.ParameterBatTest" time="0.0">
    <system-out><![CDATA[-- Prueba: pruebaRepetidaBasica [repetition 1 of 10] --
Aleatorio 75
FIN prueba
]]></system-out>
  </testcase>
  <testcase name="pruebaRepetidaBasica" classname="com.ulp.ParameterBatTest" time="0.004">
    <system-out><![CDATA[-- Prueba: pruebaRepetidaBasica [repetition 2 of 10] --
Aleatorio 59
FIN prueba
]]></system-out>
  </testcase>
  <testcase name="pruebaRepetidaBasica" classname="com.ulp.ParameterBatTest" time="0.001">
    <system-out><![CDATA[-- Prueba: pruebaRepetidaBasica [repetition 3 of 10] --
Aleatorio 28
FIN prueba
]]></system-out>
  </testcase>
  <testcase name="pruebaRepetidaBasica" classname="com.ulp.ParameterBatTest" time="0.001">
    <system-out><![CDATA[-- Prueba: pruebaRepetidaBasica [repetition 4 of 10] --
Aleatorio 19
FIN prueba
]]></system-out>
  </testcase>
  <testcase name="pruebaRepetidaBasica" classname="com.ulp.ParameterBatTest" time="0.0">
    <system-out><![CDATA[-- Prueba: pruebaRepetidaBasica [repetition 5 of 10] --
Aleatorio 91
FIN prueba
]]></system-out>
  </testcase>
  <testcase name="pruebaRepetidaBasica" classname="com.ulp.ParameterBatTest" time="0.001">
    <system-out><![CDATA[-- Prueba: pruebaRepetidaBasica [repetition 6 of 10] --
Aleatorio 46
FIN prueba
]]></system-out>
  </testcase>
  <testcase name="pruebaRepetidaBasica" classname="com.ulp.ParameterBatTest" time="0.002">
    <system-out><![CDATA[-- Prueba: pruebaRepetidaBasica [repetition 7 of 10] --
Aleatorio 13
FIN prueba
]]></system-out>
  </testcase>
  <testcase name="pruebaRepetidaBasica" classname="com.ulp.ParameterBatTest" time="0.001">
    <system-out><![CDATA[-- Prueba: pruebaRepetidaBasica [repetition 8 of 10] --
Aleatorio 4
FIN prueba
]]></system-out>
  </testcase>
  <testcase name="pruebaRepetidaBasica" classname="com.ulp.ParameterBatTest" time="0.001">
    <system-out><![CDATA[-- Prueba: pruebaRepetidaBasica [repetition 9 of 10] --
Aleatorio 41
FIN prueba
]]></system-out>
  </testcase>
  <testcase name="pruebaRepetidaBasica" classname="com.ulp.ParameterBatTest" time="0.0">
    <system-out><![CDATA[-- Prueba: pruebaRepetidaBasica [repetition 10 of 10] --
Aleatorio 48
FIN prueba
]]></system-out>
  </testcase>
  <testcase name="testCargar" classname="com.ulp.ParameterBatTest" time="0.007">
    <system-out><![CDATA[-- Prueba: testCargar [repetition 1 of 3] --
cargando 3 veces...
generó: esperado -2.1523731657733327 y real -2.1523731657733327
FIN prueba
]]></system-out>
  </testcase>
  <testcase name="testCargar" classname="com.ulp.ParameterBatTest" time="0.001">
    <system-out><![CDATA[-- Prueba: testCargar [repetition 2 of 3] --
cargando 3 veces...
generó: esperado 2.294926342052034 y real 2.294926342052034
FIN prueba
]]></system-out>
  </testcase>
  <testcase name="testCargar" classname="com.ulp.ParameterBatTest" time="0.002">
    <system-out><![CDATA[-- Prueba: testCargar [repetition 3 of 3] --
cargando 3 veces...
generó: esperado 4.999155780028245 y real 4.999155780028245
FIN prueba
]]></system-out>
  </testcase>
</testsuite>